2021-10-25T13:27:52+00:00 CRITICAL Uncaught Error: Call to a member function getCustomerBilling() on null in /home/vagrant/code/prontomarco/wp-content/plugins/woocommerce-plugin/Core/Core.php:432
Stack trace:
#0 /home/vagrant/code/prontomarco/wp-content/plugins/woocommerce-plugin/Core/Core.php(277): TodoPago\Core->getCommerceData()
#1 /home/vagrant/code/prontomarco/wp-content/plugins/woocommerce-plugin/index.php(334): TodoPago\Core->call_sar()
#2 /home/vagrant/code/prontomarco/wp-includes/class-wp-hook.php(303): WC_TodoPago_Gateway->first_step_todopago()
#3 /home/vagrant/code/prontomarco/wp-includes/class-wp-hook.php(327): WP_Hook->apply_filters()
#4 /home/vagrant/code/prontomarco/wp-includes/plugin.php(470): WP_Hook->do_action()
#5 /home/vagrant/code/prontomarco/wp-content/plugins/woocommerce/includes/shortcodes/class-wc-shortcode-checkout.php(80): do_action()
#6 /home/vagrant/code/prontomarco/wp-content/plugins/woocommerce/includes/shortcodes/class-wc-shortcode-checkout.php(59): WC_Shortcode_Checkout::order_pay()
#7 /home/vagrant/code/prontomarco/wp-content/plugins/woocommerce/includes/class-wc-shortcodes.php(72): WC_Shortcode_Checkout::output()
#8 /home/vagrant/code/prontomarco/wp-content/plugins/woocommerce/includes/class-wc-shortcodes.php(95): WC_Shortcodes::shortcode_wrapper()
#9 /home/vagrant/code/prontomarco/wp-includes/shortcodes.php(356): WC_Shortcodes::checkout()
#10 [internal function]: do_shortcode_tag()
#11 /home/vagrant/code/prontomarco/wp-includes/shortcodes.php(228): preg_replace_callback()
#12 /home/vagrant/code/prontomarco/wp-includes/class-wp-hook.php(303): do_shortcode()
#13 /home/vagrant/code/prontomarco/wp-includes/plugin.php(189): WP_Hook->apply_filters()
#14 /home/vagrant/code/prontomarco/wp-includes/post-template.php(253): apply_filters()
#15 /home/vagrant/code/prontomarco/wp-content/themes/porto/page.php(59): the_content()
#16 /home/vagrant/code/prontomarco/wp-includes/template-loader.php(106): include('...')
#17 /home/vagrant/code/prontomarco/wp-blog-header.php(19): require_once('...')
#18 /home/vagrant/code/prontomarco/index.php(17): require('...')
#19 {main}
  thrown en /home/vagrant/code/prontomarco/wp-content/plugins/woocommerce-plugin/Core/Core.php en la línea 432

2021-10-25T13:28:47+00:00 CRITICAL Uncaught Error: Call to a member function getCustomerBilling() on null in /home/vagrant/code/prontomarco/wp-content/plugins/woocommerce-plugin/Core/Core.php:432
Stack trace:
#0 /home/vagrant/code/prontomarco/wp-content/plugins/woocommerce-plugin/Core/Core.php(277): TodoPago\Core->getCommerceData()
#1 /home/vagrant/code/prontomarco/wp-content/plugins/woocommerce-plugin/index.php(334): TodoPago\Core->call_sar()
#2 /home/vagrant/code/prontomarco/wp-includes/class-wp-hook.php(303): WC_TodoPago_Gateway->first_step_todopago()
#3 /home/vagrant/code/prontomarco/wp-includes/class-wp-hook.php(327): WP_Hook->apply_filters()
#4 /home/vagrant/code/prontomarco/wp-includes/plugin.php(470): WP_Hook->do_action()
#5 /home/vagrant/code/prontomarco/wp-content/plugins/woocommerce/includes/shortcodes/class-wc-shortcode-checkout.php(80): do_action()
#6 /home/vagrant/code/prontomarco/wp-content/plugins/woocommerce/includes/shortcodes/class-wc-shortcode-checkout.php(59): WC_Shortcode_Checkout::order_pay()
#7 /home/vagrant/code/prontomarco/wp-content/plugins/woocommerce/includes/class-wc-shortcodes.php(72): WC_Shortcode_Checkout::output()
#8 /home/vagrant/code/prontomarco/wp-content/plugins/woocommerce/includes/class-wc-shortcodes.php(95): WC_Shortcodes::shortcode_wrapper()
#9 /home/vagrant/code/prontomarco/wp-includes/shortcodes.php(356): WC_Shortcodes::checkout()
#10 [internal function]: do_shortcode_tag()
#11 /home/vagrant/code/prontomarco/wp-includes/shortcodes.php(228): preg_replace_callback()
#12 /home/vagrant/code/prontomarco/wp-includes/class-wp-hook.php(303): do_shortcode()
#13 /home/vagrant/code/prontomarco/wp-includes/plugin.php(189): WP_Hook->apply_filters()
#14 /home/vagrant/code/prontomarco/wp-includes/post-template.php(253): apply_filters()
#15 /home/vagrant/code/prontomarco/wp-content/themes/porto/page.php(59): the_content()
#16 /home/vagrant/code/prontomarco/wp-includes/template-loader.php(106): include('...')
#17 /home/vagrant/code/prontomarco/wp-blog-header.php(19): require_once('...')
#18 /home/vagrant/code/prontomarco/index.php(17): require('...')
#19 {main}
  thrown en /home/vagrant/code/prontomarco/wp-content/plugins/woocommerce-plugin/Core/Core.php en la línea 432

2021-10-25T13:29:08+00:00 CRITICAL Uncaught Error: Call to a member function getCustomerBilling() on null in /home/vagrant/code/prontomarco/wp-content/plugins/woocommerce-plugin/Core/Core.php:432
Stack trace:
#0 /home/vagrant/code/prontomarco/wp-content/plugins/woocommerce-plugin/Core/Core.php(277): TodoPago\Core->getCommerceData()
#1 /home/vagrant/code/prontomarco/wp-content/plugins/woocommerce-plugin/index.php(334): TodoPago\Core->call_sar()
#2 /home/vagrant/code/prontomarco/wp-includes/class-wp-hook.php(303): WC_TodoPago_Gateway->first_step_todopago()
#3 /home/vagrant/code/prontomarco/wp-includes/class-wp-hook.php(327): WP_Hook->apply_filters()
#4 /home/vagrant/code/prontomarco/wp-includes/plugin.php(470): WP_Hook->do_action()
#5 /home/vagrant/code/prontomarco/wp-content/plugins/woocommerce/includes/shortcodes/class-wc-shortcode-checkout.php(80): do_action()
#6 /home/vagrant/code/prontomarco/wp-content/plugins/woocommerce/includes/shortcodes/class-wc-shortcode-checkout.php(59): WC_Shortcode_Checkout::order_pay()
#7 /home/vagrant/code/prontomarco/wp-content/plugins/woocommerce/includes/class-wc-shortcodes.php(72): WC_Shortcode_Checkout::output()
#8 /home/vagrant/code/prontomarco/wp-content/plugins/woocommerce/includes/class-wc-shortcodes.php(95): WC_Shortcodes::shortcode_wrapper()
#9 /home/vagrant/code/prontomarco/wp-includes/shortcodes.php(356): WC_Shortcodes::checkout()
#10 [internal function]: do_shortcode_tag()
#11 /home/vagrant/code/prontomarco/wp-includes/shortcodes.php(228): preg_replace_callback()
#12 /home/vagrant/code/prontomarco/wp-includes/class-wp-hook.php(303): do_shortcode()
#13 /home/vagrant/code/prontomarco/wp-includes/plugin.php(189): WP_Hook->apply_filters()
#14 /home/vagrant/code/prontomarco/wp-includes/post-template.php(253): apply_filters()
#15 /home/vagrant/code/prontomarco/wp-content/themes/porto/page.php(59): the_content()
#16 /home/vagrant/code/prontomarco/wp-includes/template-loader.php(106): include('...')
#17 /home/vagrant/code/prontomarco/wp-blog-header.php(19): require_once('...')
#18 /home/vagrant/code/prontomarco/index.php(17): require('...')
#19 {main}
  thrown en /home/vagrant/code/prontomarco/wp-content/plugins/woocommerce-plugin/Core/Core.php en la línea 432

2021-10-25T13:29:15+00:00 CRITICAL Uncaught Error: Call to a member function getCustomerBilling() on null in /home/vagrant/code/prontomarco/wp-content/plugins/woocommerce-plugin/Core/Core.php:432
Stack trace:
#0 /home/vagrant/code/prontomarco/wp-content/plugins/woocommerce-plugin/Core/Core.php(277): TodoPago\Core->getCommerceData()
#1 /home/vagrant/code/prontomarco/wp-content/plugins/woocommerce-plugin/index.php(334): TodoPago\Core->call_sar()
#2 /home/vagrant/code/prontomarco/wp-includes/class-wp-hook.php(303): WC_TodoPago_Gateway->first_step_todopago()
#3 /home/vagrant/code/prontomarco/wp-includes/class-wp-hook.php(327): WP_Hook->apply_filters()
#4 /home/vagrant/code/prontomarco/wp-includes/plugin.php(470): WP_Hook->do_action()
#5 /home/vagrant/code/prontomarco/wp-content/plugins/woocommerce/includes/shortcodes/class-wc-shortcode-checkout.php(80): do_action()
#6 /home/vagrant/code/prontomarco/wp-content/plugins/woocommerce/includes/shortcodes/class-wc-shortcode-checkout.php(59): WC_Shortcode_Checkout::order_pay()
#7 /home/vagrant/code/prontomarco/wp-content/plugins/woocommerce/includes/class-wc-shortcodes.php(72): WC_Shortcode_Checkout::output()
#8 /home/vagrant/code/prontomarco/wp-content/plugins/woocommerce/includes/class-wc-shortcodes.php(95): WC_Shortcodes::shortcode_wrapper()
#9 /home/vagrant/code/prontomarco/wp-includes/shortcodes.php(356): WC_Shortcodes::checkout()
#10 [internal function]: do_shortcode_tag()
#11 /home/vagrant/code/prontomarco/wp-includes/shortcodes.php(228): preg_replace_callback()
#12 /home/vagrant/code/prontomarco/wp-includes/class-wp-hook.php(303): do_shortcode()
#13 /home/vagrant/code/prontomarco/wp-includes/plugin.php(189): WP_Hook->apply_filters()
#14 /home/vagrant/code/prontomarco/wp-includes/post-template.php(253): apply_filters()
#15 /home/vagrant/code/prontomarco/wp-content/themes/porto/page.php(59): the_content()
#16 /home/vagrant/code/prontomarco/wp-includes/template-loader.php(106): include('...')
#17 /home/vagrant/code/prontomarco/wp-blog-header.php(19): require_once('...')
#18 /home/vagrant/code/prontomarco/index.php(17): require('...')
#19 {main}
  thrown en /home/vagrant/code/prontomarco/wp-content/plugins/woocommerce-plugin/Core/Core.php en la línea 432

