2021-10-19T15:23:03+00:00 CRITICAL syntax error, unexpected token "." en /home/vagrant/code/prontomarco/wp-content/themes/prontomarco/page-home.php en la línea 278

2021-10-19T15:25:03+00:00 CRITICAL syntax error, unexpected token "<" en /home/vagrant/code/prontomarco/wp-content/themes/prontomarco/page-home.php en la línea 278

2021-10-19T15:25:12+00:00 CRITICAL syntax error, unexpected token "echo" en /home/vagrant/code/prontomarco/wp-content/themes/prontomarco/page-home.php en la línea 278

2021-10-19T15:25:26+00:00 CRITICAL syntax error, unexpected token "echo" en /home/vagrant/code/prontomarco/wp-content/themes/prontomarco/page-home.php en la línea 278

2021-10-19T15:28:40+00:00 CRITICAL syntax error, unexpected token "echo" en /home/vagrant/code/prontomarco/wp-content/themes/prontomarco/page-home.php en la línea 278

2021-10-19T15:28:49+00:00 CRITICAL syntax error, unexpected token "echo" en /home/vagrant/code/prontomarco/wp-content/themes/prontomarco/page-home.php en la línea 278

2021-10-19T15:30:24+00:00 CRITICAL syntax error, unexpected token "echo" en /home/vagrant/code/prontomarco/wp-content/themes/prontomarco/page-home.php en la línea 278

2021-10-19T15:30:28+00:00 CRITICAL syntax error, unexpected token "echo" en /home/vagrant/code/prontomarco/wp-content/themes/prontomarco/page-home.php en la línea 278

2021-10-19T15:31:46+00:00 CRITICAL syntax error, unexpected token "echo" en /home/vagrant/code/prontomarco/wp-content/themes/prontomarco/page-home.php en la línea 278

2021-10-19T16:02:30+00:00 CRITICAL Uncaught TypeError: array_column(): Argument #1 ($array) must be of type array, string given in /home/vagrant/code/prontomarco/wp-content/plugins/woocommerce/packages/woocommerce-admin/src/RemoteInboxNotifications/Transformers/ArrayColumn.php:27
Stack trace:
#0 /home/vagrant/code/prontomarco/wp-content/plugins/woocommerce/packages/woocommerce-admin/src/RemoteInboxNotifications/Transformers/ArrayColumn.php(27): array_column()
#1 /home/vagrant/code/prontomarco/wp-content/plugins/woocommerce/packages/woocommerce-admin/src/RemoteInboxNotifications/TransformerService.php(59): Automattic\WooCommerce\Admin\RemoteInboxNotifications\Transformers\ArrayColumn->transform()
#2 /home/vagrant/code/prontomarco/wp-content/plugins/woocommerce/packages/woocommerce-admin/src/RemoteInboxNotifications/OptionRuleProcessor.php(45): Automattic\WooCommerce\Admin\RemoteInboxNotifications\TransformerService::apply()
#3 /home/vagrant/code/prontomarco/wp-content/plugins/woocommerce/packages/woocommerce-admin/src/RemoteInboxNotifications/RuleEvaluator.php(62): Automattic\WooCommerce\Admin\RemoteInboxNotifications\OptionRuleProcessor->process()
#4 /home/vagrant/code/prontomarco/wp-content/plugins/woocommerce/packages/woocommerce-admin/src/Features/RemoteFreeExtensions/EvaluateExtension.php(27): Automattic\WooCommerce\Admin\RemoteInboxNotifications\RuleEvaluator->evaluate()
#5 /home/vagrant/code/prontomarco/wp-content/plugins/woocommerce/packages/woocommerce-admin/src/Features/RemoteFreeExtensions/Init.php(48): Automattic\WooCommerce\Admin\Features\RemoteFreeExtensions\EvaluateExtension::evaluate()
#6 /home/vagrant/code/prontomarco/wp-content/plugins/woocommerce/packages/woocommerce-admin/src/API/OnboardingFreeExtensions.php(75): Automattic\WooCommerce\Admin\Features\RemoteFreeExtensions\Init::get_extensions()
#7 /home/vagrant/code/prontomarco/wp-includes/rest-api/class-wp-rest-server.php(1140): Automattic\WooCommerce\Admin\API\OnboardingFreeExtensions->get_available_extensions()
#8 /home/vagrant/code/prontomarco/wp-includes/rest-api/class-wp-rest-server.php(987): WP_REST_Server->respond_to_request()
#9 /home/vagrant/code/prontomarco/wp-includes/rest-api/class-wp-rest-server.php(414): WP_REST_Server->dispatch()
#10 /home/vagrant/code/prontomarco/wp-includes/rest-api.php(370): WP_REST_Server->serve_request()
#11 /home/vagrant/code/prontomarco/wp-includes/class-wp-hook.php(303): rest_api_loaded()
#12 /home/vagrant/code/prontomarco/wp-includes/class-wp-hook.php(327): WP_Hook->apply_filters()
#13 /home/vagrant/code/prontomarco/wp-includes/plugin.php(518): WP_Hook->do_action()
#14 /home/vagrant/code/prontomarco/wp-includes/class-wp.php(388): do_action_ref_array()
#15 /home/vagrant/code/prontomarco/wp-includes/class-wp.php(750): WP->parse_request()
#16 /home/vagrant/code/prontomarco/wp-includes/functions.php(1291): WP->main()
#17 /home/vagrant/code/prontomarco/wp-blog-header.php(16): wp()
#18 /home/vagrant/code/prontomarco/index.php(17): require('...')
#19 {main}
  thrown en /home/vagrant/code/prontomarco/wp-content/plugins/woocommerce/packages/woocommerce-admin/src/RemoteInboxNotifications/Transformers/ArrayColumn.php en la línea 27

